This is pdfTeX, Version 3.14159265-2.6-1.40.21 (MiKTeX 21.1) (preloaded format=pdflatex 2021.5.12)  25 MAY 2021 03:52
entering extended mode
**./particles_therapy_georgian.tex
(particles_therapy_georgian.tex
LaTeX2e <2020-10-01> patch level 4
L3 programming layer <2021-01-09> xparse <2020-03-03>
(C:\Users\Levan\AppData\Local\Programs\MiKTeX\tex/latex/base\report.cls
Document Class: report 2020/04/10 v1.4m Standard LaTeX document class
(C:\Users\Levan\AppData\Local\Programs\MiKTeX\tex/latex/base\size12.clo
File: size12.clo 2020/04/10 v1.4m Standard LaTeX file (size option)
)
\c@part=\count177
\c@chapter=\count178
\c@section=\count179
\c@subsection=\count180
\c@subsubsection=\count181
\c@paragraph=\count182
\c@subparagraph=\count183
\c@figure=\count184
\c@table=\count185
\abovecaptionskip=\skip47
\belowcaptionskip=\skip48
\bibindent=\dimen138
)
(C:\Users\Levan\AppData\Local\Programs\MiKTeX\tex/latex/base\fontenc.sty
Package: fontenc 2020/08/10 v2.0s Standard LaTeX package

(C:\Users\Levan\AppData\Local\Programs\MiKTeX\tex/latex/georgian\t8kenc.def
File: t8kenc.def 2009/03/03 v1.2 Georgian Mkhedruli(U+10D0-U+10FC)-Khucuri(U+2D
00-U+2D26) encoding definition file
Now handling font encoding T8K ...
... processing UTF-8 mapping file for font encoding T8K

(C:\Users\Levan\AppData\Local\Programs\MiKTeX\tex/latex/georgian\t8kenc.dfu
File: t8kenc.dfu 2009/03/04 v1.2 UTF8 support for Georgian
   defining Unicode char U+2D00 (decimal 11520)
   defining Unicode char U+2D01 (decimal 11521)
   defining Unicode char U+2D02 (decimal 11522)
   defining Unicode char U+2D03 (decimal 11523)
   defining Unicode char U+2D04 (decimal 11524)
   defining Unicode char U+2D05 (decimal 11525)
   defining Unicode char U+2D06 (decimal 11526)
   defining Unicode char U+2D07 (decimal 11527)
   defining Unicode char U+2D08 (decimal 11528)
   defining Unicode char U+2D09 (decimal 11529)
   defining Unicode char U+2D0A (decimal 11530)
   defining Unicode char U+2D0B (decimal 11531)
   defining Unicode char U+2D0C (decimal 11532)
   defining Unicode char U+2D0D (decimal 11533)
   defining Unicode char U+2D0E (decimal 11534)
   defining Unicode char U+2D0F (decimal 11535)
   defining Unicode char U+2D10 (decimal 11536)
   defining Unicode char U+2D11 (decimal 11537)
   defining Unicode char U+2D12 (decimal 11538)
   defining Unicode char U+2D13 (decimal 11539)
   defining Unicode char U+2D14 (decimal 11540)
   defining Unicode char U+2D15 (decimal 11541)
   defining Unicode char U+2D16 (decimal 11542)
   defining Unicode char U+2D17 (decimal 11543)
   defining Unicode char U+2D18 (decimal 11544)
   defining Unicode char U+2D19 (decimal 11545)
   defining Unicode char U+2D1A (decimal 11546)
   defining Unicode char U+2D1B (decimal 11547)
   defining Unicode char U+2D1C (decimal 11548)
   defining Unicode char U+2D1D (decimal 11549)
   defining Unicode char U+2D1E (decimal 11550)
   defining Unicode char U+2D1F (decimal 11551)
   defining Unicode char U+2D20 (decimal 11552)
   defining Unicode char U+2D21 (decimal 11553)
   defining Unicode char U+2D22 (decimal 11554)
   defining Unicode char U+2D23 (decimal 11555)
   defining Unicode char U+2D24 (decimal 11556)
   defining Unicode char U+2D25 (decimal 11557)
   defining Unicode char U+10D0 (decimal 4304)
   defining Unicode char U+10D1 (decimal 4305)
   defining Unicode char U+10D2 (decimal 4306)
   defining Unicode char U+10D3 (decimal 4307)
   defining Unicode char U+10D4 (decimal 4308)
   defining Unicode char U+10D5 (decimal 4309)
   defining Unicode char U+10D6 (decimal 4310)
   defining Unicode char U+10D7 (decimal 4311)
   defining Unicode char U+10D8 (decimal 4312)
   defining Unicode char U+10D9 (decimal 4313)
   defining Unicode char U+10DA (decimal 4314)
   defining Unicode char U+10DB (decimal 4315)
   defining Unicode char U+10DC (decimal 4316)
   defining Unicode char U+10DD (decimal 4317)
   defining Unicode char U+10DE (decimal 4318)
   defining Unicode char U+10DF (decimal 4319)
   defining Unicode char U+10E0 (decimal 4320)
   defining Unicode char U+10E1 (decimal 4321)
   defining Unicode char U+10E2 (decimal 4322)
   defining Unicode char U+10E3 (decimal 4323)
   defining Unicode char U+10E4 (decimal 4324)
   defining Unicode char U+10E5 (decimal 4325)
   defining Unicode char U+10E6 (decimal 4326)
   defining Unicode char U+10E7 (decimal 4327)
   defining Unicode char U+10E8 (decimal 4328)
   defining Unicode char U+10E9 (decimal 4329)
   defining Unicode char U+10EA (decimal 4330)
   defining Unicode char U+10EB (decimal 4331)
   defining Unicode char U+10EC (decimal 4332)
   defining Unicode char U+10ED (decimal 4333)
   defining Unicode char U+10EE (decimal 4334)
   defining Unicode char U+10EF (decimal 4335)
   defining Unicode char U+10F0 (decimal 4336)
   defining Unicode char U+10F1 (decimal 4337)
   defining Unicode char U+10F2 (decimal 4338)
   defining Unicode char U+10F3 (decimal 4339)
   defining Unicode char U+10F4 (decimal 4340)
   defining Unicode char U+10F5 (decimal 4341)
   defining Unicode char U+10F6 (decimal 4342)
   defining Unicode char U+10F7 (decimal 4343)
   defining Unicode char U+10F8 (decimal 4344)
   defining Unicode char U+10F9 (decimal 4345)
   defining Unicode char U+10FA (decimal 4346)
   defining Unicode char U+10FB (decimal 4347)
   defining Unicode char U+10FC (decimal 4348)
))
(C:\Users\Levan\AppData\Local\Programs\MiKTeX\tex/latex/georgian\t8menc.def
File: t8menc.def 2009/03/04 v1.1 Georgian Mxedruli encoding definition file
Now handling font encoding T8M ...
... processing UTF-8 mapping file for font encoding T8M

(C:\Users\Levan\AppData\Local\Programs\MiKTeX\tex/latex/georgian\t8menc.dfu
File: t8menc.dfu 2009/03/04 v1.1 UTF8 support for Georgian
   defining Unicode char U+10A0 (decimal 4256)
   defining Unicode char U+10A1 (decimal 4257)
   defining Unicode char U+10A2 (decimal 4258)
   defining Unicode char U+10A3 (decimal 4259)
   defining Unicode char U+10A4 (decimal 4260)
   defining Unicode char U+10A5 (decimal 4261)
   defining Unicode char U+10A6 (decimal 4262)
   defining Unicode char U+10A7 (decimal 4263)
   defining Unicode char U+10A8 (decimal 4264)
   defining Unicode char U+10A9 (decimal 4265)
   defining Unicode char U+10AA (decimal 4266)
   defining Unicode char U+10AB (decimal 4267)
   defining Unicode char U+10AC (decimal 4268)
   defining Unicode char U+10AD (decimal 4269)
   defining Unicode char U+10AE (decimal 4270)
   defining Unicode char U+10AF (decimal 4271)
   defining Unicode char U+10B0 (decimal 4272)
   defining Unicode char U+10B1 (decimal 4273)
   defining Unicode char U+10B2 (decimal 4274)
   defining Unicode char U+10B3 (decimal 4275)
   defining Unicode char U+10B4 (decimal 4276)
   defining Unicode char U+10B5 (decimal 4277)
   defining Unicode char U+10B6 (decimal 4278)
   defining Unicode char U+10B7 (decimal 4279)
   defining Unicode char U+10B8 (decimal 4280)
   defining Unicode char U+10B9 (decimal 4281)
   defining Unicode char U+10BA (decimal 4282)
   defining Unicode char U+10BB (decimal 4283)
   defining Unicode char U+10BC (decimal 4284)
   defining Unicode char U+10BD (decimal 4285)
   defining Unicode char U+10BE (decimal 4286)
   defining Unicode char U+10BF (decimal 4287)
   defining Unicode char U+10C0 (decimal 4288)
   defining Unicode char U+10C4 (decimal 4292)
   defining Unicode char U+10C1 (decimal 4289)
   defining Unicode char U+10C5 (decimal 4293)
   defining Unicode char U+10C2 (decimal 4290)
   defining Unicode char U+10C3 (decimal 4291)
   defining Unicode char U+10D0 (decimal 4304)
   defining Unicode char U+10D1 (decimal 4305)
   defining Unicode char U+10D2 (decimal 4306)
   defining Unicode char U+10D3 (decimal 4307)
   defining Unicode char U+10D4 (decimal 4308)
   defining Unicode char U+10D5 (decimal 4309)
   defining Unicode char U+10D6 (decimal 4310)
   defining Unicode char U+10D7 (decimal 4311)
   defining Unicode char U+10D8 (decimal 4312)
   defining Unicode char U+10D9 (decimal 4313)
   defining Unicode char U+10DA (decimal 4314)
   defining Unicode char U+10DB (decimal 4315)
   defining Unicode char U+10DC (decimal 4316)
   defining Unicode char U+10DD (decimal 4317)
   defining Unicode char U+10DE (decimal 4318)
   defining Unicode char U+10DF (decimal 4319)
   defining Unicode char U+10E0 (decimal 4320)
   defining Unicode char U+10E1 (decimal 4321)
   defining Unicode char U+10E2 (decimal 4322)
   defining Unicode char U+10E3 (decimal 4323)
   defining Unicode char U+10E4 (decimal 4324)
   defining Unicode char U+10E5 (decimal 4325)
   defining Unicode char U+10E6 (decimal 4326)
   defining Unicode char U+10E7 (decimal 4327)
   defining Unicode char U+10E8 (decimal 4328)
   defining Unicode char U+10E9 (decimal 4329)
   defining Unicode char U+10EA (decimal 4330)
   defining Unicode char U+10EB (decimal 4331)
   defining Unicode char U+10EC (decimal 4332)
   defining Unicode char U+10ED (decimal 4333)
   defining Unicode char U+10EE (decimal 4334)
   defining Unicode char U+10EF (decimal 4335)
   defining Unicode char U+10F0 (decimal 4336)
   defining Unicode char U+10F1 (decimal 4337)
   defining Unicode char U+10F2 (decimal 4338)
   defining Unicode char U+10F3 (decimal 4339)
   defining Unicode char U+10F4 (decimal 4340)
   defining Unicode char U+10F5 (decimal 4341)
   defining Unicode char U+10F6 (decimal 4342)
   defining Unicode char U+10F7 (decimal 4343)
   defining Unicode char U+10F8 (decimal 4344)
   defining Unicode char U+10F9 (decimal 4345)
   defining Unicode char U+10FA (decimal 4346)
   defining Unicode char U+10FB (decimal 4347)
   defining Unicode char U+10FC (decimal 4348)
))
LaTeX Font Info:    Trying to load font information for T8M+cmr on input line 1
12.

(C:\Users\Levan\AppData\Local\Programs\MiKTeX\tex/latex/georgian\t8mcmr.fd
File: t8mcmr.fd t8mcmr fontfile
)
LaTeX Font Info:    Trying to load font information for T8M+djg on input line 1
12.

(C:\Users\Levan\AppData\Local\Programs\MiKTeX\tex/latex/georgian\t8mdjg.fd
File: t8mdjg.fd 2007/10/20 Fontinst v1.929 font definitions for T8M/djg.
)
LaTeX Font Info:    Font shape `T8M/cmr/m/n' in size <12> not available
(Font)              Font shape `T8M/djg/m/n' tried instead on input line 112.
LaTeX Font Info:    Font shape `T8M/djg/m/n' will be
(Font)              scaled to size 10.79993pt on input line 112.
)
(C:\Users\Levan\AppData\Local\Programs\MiKTeX\tex/latex/base\inputenc.sty
Package: inputenc 2020/08/01 v1.3d Input encoding file
\inpenc@prehook=\toks15
\inpenc@posthook=\toks16
)
(C:\Users\Levan\AppData\Local\Programs\MiKTeX\tex/generic/babel\babel.sty
Package: babel 2021/01/26 3.53 The Babel package

(C:\Users\Levan\AppData\Local\Programs\MiKTeX\tex/generic/babel\babel.def
File: babel.def 2021/01/26 3.53 Babel common definitions
\babel@savecnt=\count186
\U@D=\dimen139
\l@babelnohyphens=\language79

(C:\Users\Levan\AppData\Local\Programs\MiKTeX\tex/generic/babel\txtbabel.def)
\bbl@readstream=\read2
)
\bbl@dirlevel=\count187

*************************************
* Local config file bblopts.cfg used
*
(C:\Users\Levan\AppData\Local\Programs\MiKTeX\tex/latex/arabi\bblopts.cfg
File: bblopts.cfg 2005/09/08 v0.1 add Arabic and Farsi to "declared" options of
 babel
)
(C:\Users\Levan\AppData\Local\Programs\MiKTeX\tex/latex/babel-english\english.l
df
Language: english 2017/06/06 v3.3r English support from the babel system
Package babel Info: \l@canadian = using hyphenrules for english
(babel)             (\language0) on input line 102.
Package babel Info: \l@australian = using hyphenrules for ukenglish
(babel)             (\language73) on input line 105.
Package babel Info: \l@newzealand = using hyphenrules for ukenglish
(babel)             (\language73) on input line 108.
)
(C:\Users\Levan\AppData\Local\Programs\MiKTeX\tex/generic/babel-georgian\georgi
an.ldf
Language: georgian 2017/11/20 2.2 Georgian support from the babel system


Package babel Warning: No Georgian font encoding has been loaded so far.
(babel)                A font encoding should be declared before babel.
(babel)                Default `T8M' encoding will be loaded  on input line 77.


(C:\Users\Levan\AppData\Local\Programs\MiKTeX\tex/latex/georgian\t8menc.def
File: t8menc.def 2009/03/04 v1.1 Georgian Mxedruli encoding definition file
LaTeX Font Info:    Redeclaring font encoding T8M on input line 23.
)
Package babel Info: Making " an active character on input line 110.
Package babel Info: \geodash is defined on input line 146.

(C:\Users\Levan\AppData\Local\Programs\MiKTeX\tex/generic/babel-georgian\georgi
ancaps.tex
File: georgiancaps.tex 2013/06/06 v2.0 Captions in Georgian
)))
(C:\Users\Levan\AppData\Local\Programs\MiKTeX\tex/latex/graphics\graphicx.sty
Package: graphicx 2020/09/09 v1.2b Enhanced LaTeX Graphics (DPC,SPQR)

(C:\Users\Levan\AppData\Local\Programs\MiKTeX\tex/latex/graphics\keyval.sty
Package: keyval 2014/10/28 v1.15 key=value parser (DPC)
\KV@toks@=\toks17
)
(C:\Users\Levan\AppData\Local\Programs\MiKTeX\tex/latex/graphics\graphics.sty
Package: graphics 2020/08/30 v1.4c Standard LaTeX Graphics (DPC,SPQR)

(C:\Users\Levan\AppData\Local\Programs\MiKTeX\tex/latex/graphics\trig.sty
Package: trig 2016/01/03 v1.10 sin cos tan (DPC)
)
(C:\Users\Levan\AppData\Local\Programs\MiKTeX\tex/latex/graphics-cfg\graphics.c
fg
File: graphics.cfg 2016/06/04 v1.11 sample graphics configuration
)
Package graphics Info: Driver file: pdftex.def on input line 105.

(C:\Users\Levan\AppData\Local\Programs\MiKTeX\tex/latex/graphics-def\pdftex.def
File: pdftex.def 2020/10/05 v1.2a Graphics/color driver for pdftex
))
\Gin@req@height=\dimen140
\Gin@req@width=\dimen141
)
(C:\Users\Levan\AppData\Local\Programs\MiKTeX\tex/latex/hyperref\hyperref.sty
Package: hyperref 2020-05-15 v7.00e Hypertext links for LaTeX

(C:\Users\Levan\AppData\Local\Programs\MiKTeX\tex/generic/ltxcmds\ltxcmds.sty
Package: ltxcmds 2020-05-10 v1.25 LaTeX kernel commands for general use (HO)
)
(C:\Users\Levan\AppData\Local\Programs\MiKTeX\tex/generic/iftex\iftex.sty
Package: iftex 2020/03/06 v1.0d TeX engine tests
)
(C:\Users\Levan\AppData\Local\Programs\MiKTeX\tex/generic/pdftexcmds\pdftexcmds
.sty
Package: pdftexcmds 2020-06-27 v0.33 Utility functions of pdfTeX for LuaTeX (HO
)

(C:\Users\Levan\AppData\Local\Programs\MiKTeX\tex/generic/infwarerr\infwarerr.s
ty
Package: infwarerr 2019/12/03 v1.5 Providing info/warning/error messages (HO)
)
Package pdftexcmds Info: \pdf@primitive is available.
Package pdftexcmds Info: \pdf@ifprimitive is available.
Package pdftexcmds Info: \pdfdraftmode found.
)
(C:\Users\Levan\AppData\Local\Programs\MiKTeX\tex/generic/kvsetkeys\kvsetkeys.s
ty
Package: kvsetkeys 2019/12/15 v1.18 Key value parser (HO)
)
(C:\Users\Levan\AppData\Local\Programs\MiKTeX\tex/generic/kvdefinekeys\kvdefine
keys.sty
Package: kvdefinekeys 2019-12-19 v1.6 Define keys (HO)
)
(C:\Users\Levan\AppData\Local\Programs\MiKTeX\tex/generic/pdfescape\pdfescape.s
ty
Package: pdfescape 2019/12/09 v1.15 Implements pdfTeX's escape features (HO)
) (C:\Users\Levan\AppData\Local\Programs\MiKTeX\tex/latex/hycolor\hycolor.sty
Package: hycolor 2020-01-27 v1.10 Color options for hyperref/bookmark (HO)
)
(C:\Users\Levan\AppData\Local\Programs\MiKTeX\tex/latex/letltxmacro\letltxmacro
.sty
Package: letltxmacro 2019/12/03 v1.6 Let assignment for LaTeX macros (HO)
)
(C:\Users\Levan\AppData\Local\Programs\MiKTeX\tex/latex/auxhook\auxhook.sty
Package: auxhook 2019-12-17 v1.6 Hooks for auxiliary files (HO)
)
(C:\Users\Levan\AppData\Local\Programs\MiKTeX\tex/latex/kvoptions\kvoptions.sty
Package: kvoptions 2020-10-07 v3.14 Key value format for package options (HO)
)
\@linkdim=\dimen142
\Hy@linkcounter=\count188
\Hy@pagecounter=\count189
 (C:\Users\Levan\AppData\Local\Programs\MiKTeX\tex/latex/hyperref\pd1enc.def
File: pd1enc.def 2020-05-15 v7.00e Hyperref: PDFDocEncoding definition (HO)
Now handling font encoding PD1 ...
... no UTF-8 mapping file for font encoding PD1
)
(C:\Users\Levan\AppData\Local\Programs\MiKTeX\tex/generic/intcalc\intcalc.sty
Package: intcalc 2019/12/15 v1.3 Expandable calculations with integers (HO)
)
(C:\Users\Levan\AppData\Local\Programs\MiKTeX\tex/generic/etexcmds\etexcmds.sty
Package: etexcmds 2019/12/15 v1.7 Avoid name clashes with e-TeX commands (HO)
)
\Hy@SavedSpaceFactor=\count190
Package hyperref Info: Hyper figures OFF on input line 4464.
Package hyperref Info: Link nesting OFF on input line 4469.
Package hyperref Info: Hyper index ON on input line 4472.
Package hyperref Info: Plain pages OFF on input line 4479.
Package hyperref Info: Backreferencing OFF on input line 4484.
Package hyperref Info: Implicit mode ON; LaTeX internals redefined.
Package hyperref Info: Bookmarks ON on input line 4717.
\c@Hy@tempcnt=\count191
 (C:\Users\Levan\AppData\Local\Programs\MiKTeX\tex/latex/url\url.sty
\Urlmuskip=\muskip16
Package: url 2013/09/16  ver 3.4  Verb mode for urls, etc.
)
LaTeX Info: Redefining \url on input line 5076.
\XeTeXLinkMargin=\dimen143

(C:\Users\Levan\AppData\Local\Programs\MiKTeX\tex/generic/bitset\bitset.sty
Package: bitset 2019/12/09 v1.3 Handle bit-vector datatype (HO)

(C:\Users\Levan\AppData\Local\Programs\MiKTeX\tex/generic/bigintcalc\bigintcalc
.sty
Package: bigintcalc 2019/12/15 v1.5 Expandable calculations on big integers (HO
)
))
\Fld@menulength=\count192
\Field@Width=\dimen144
\Fld@charsize=\dimen145
Package hyperref Info: Hyper figures OFF on input line 6347.
Package hyperref Info: Link nesting OFF on input line 6352.
Package hyperref Info: Hyper index ON on input line 6355.
Package hyperref Info: backreferencing OFF on input line 6362.
Package hyperref Info: Link coloring OFF on input line 6367.
Package hyperref Info: Link coloring with OCG OFF on input line 6372.
Package hyperref Info: PDF/A mode OFF on input line 6377.
LaTeX Info: Redefining \ref on input line 6417.
LaTeX Info: Redefining \pageref on input line 6421.

(C:\Users\Levan\AppData\Local\Programs\MiKTeX\tex/latex/base\atbegshi-ltx.sty
Package: atbegshi-ltx 2020/08/17 v1.0a Emulation of the original atbegshi packa
ge
with kernel methods
)
\Hy@abspage=\count193
\c@Item=\count194
\c@Hfootnote=\count195
)
Package hyperref Info: Driver (autodetected): hpdftex.
(C:\Users\Levan\AppData\Local\Programs\MiKTeX\tex/latex/hyperref\hpdftex.def
File: hpdftex.def 2020-05-15 v7.00e Hyperref driver for pdfTeX

(C:\Users\Levan\AppData\Local\Programs\MiKTeX\tex/latex/base\atveryend-ltx.sty
Package: atveryend-ltx 2020/08/19 v1.0a Emulation of the original atvery packag
e
with kernel methods
)
\Fld@listcount=\count196
\c@bookmark@seq@number=\count197

(C:\Users\Levan\AppData\Local\Programs\MiKTeX\tex/latex/rerunfilecheck\rerunfil
echeck.sty
Package: rerunfilecheck 2019/12/05 v1.9 Rerun checks for auxiliary files (HO)

(C:\Users\Levan\AppData\Local\Programs\MiKTeX\tex/generic/uniquecounter\uniquec
ounter.sty
Package: uniquecounter 2019/12/15 v1.4 Provide unlimited unique counter (HO)
)
Package uniquecounter Info: New unique counter `rerunfilecheck' on input line 2
86.
)
\Hy@SectionHShift=\skip49
)
(C:\Users\Levan\AppData\Local\Programs\MiKTeX\tex/latex/mathtools\mathtools.sty
Package: mathtools 2020/03/24 v1.24 mathematical typesetting tools
(C:\Users\Levan\AppData\Local\Programs\MiKTeX\tex/latex/latex-tools\calc.sty
Package: calc 2017/05/25 v4.3 Infix arithmetic (KKT,FJ)
\calc@Acount=\count198
\calc@Bcount=\count199
\calc@Adimen=\dimen146
\calc@Bdimen=\dimen147
\calc@Askip=\skip50
\calc@Bskip=\skip51
LaTeX Info: Redefining \setlength on input line 80.
LaTeX Info: Redefining \addtolength on input line 81.
\calc@Ccount=\count266
\calc@Cskip=\skip52
)
(C:\Users\Levan\AppData\Local\Programs\MiKTeX\tex/latex/mathtools\mhsetup.sty
Package: mhsetup 2017/03/31 v1.3 programming setup (MH)
)
(C:\Users\Levan\AppData\Local\Programs\MiKTeX\tex/latex/amsmath\amsmath.sty
Package: amsmath 2020/09/23 v2.17i AMS math features
\@mathmargin=\skip53

For additional information on amsmath, use the `?' option.
(C:\Users\Levan\AppData\Local\Programs\MiKTeX\tex/latex/amsmath\amstext.sty
Package: amstext 2000/06/29 v2.01 AMS text

(C:\Users\Levan\AppData\Local\Programs\MiKTeX\tex/latex/amsmath\amsgen.sty
File: amsgen.sty 1999/11/30 v2.0 generic functions
\@emptytoks=\toks18
\ex@=\dimen148
))
(C:\Users\Levan\AppData\Local\Programs\MiKTeX\tex/latex/amsmath\amsbsy.sty
Package: amsbsy 1999/11/29 v1.2d Bold Symbols
\pmbraise@=\dimen149
)
(C:\Users\Levan\AppData\Local\Programs\MiKTeX\tex/latex/amsmath\amsopn.sty
Package: amsopn 2016/03/08 v2.02 operator names
)
\inf@bad=\count267
LaTeX Info: Redefining \frac on input line 234.
\uproot@=\count268
\leftroot@=\count269
LaTeX Info: Redefining \overline on input line 399.
\classnum@=\count270
\DOTSCASE@=\count271
LaTeX Info: Redefining \ldots on input line 496.
LaTeX Info: Redefining \dots on input line 499.
LaTeX Info: Redefining \cdots on input line 620.
\Mathstrutbox@=\box47
\strutbox@=\box48
\big@size=\dimen150
LaTeX Font Info:    Redeclaring font encoding OML on input line 743.
LaTeX Font Info:    Redeclaring font encoding OMS on input line 744.
\macc@depth=\count272
\c@MaxMatrixCols=\count273
\dotsspace@=\muskip17
\c@parentequation=\count274
\dspbrk@lvl=\count275
\tag@help=\toks19
\row@=\count276
\column@=\count277
\maxfields@=\count278
\andhelp@=\toks20
\eqnshift@=\dimen151
\alignsep@=\dimen152
\tagshift@=\dimen153
\tagwidth@=\dimen154
\totwidth@=\dimen155
\lineht@=\dimen156
\@envbody=\toks21
\multlinegap=\skip54
\multlinetaggap=\skip55
\mathdisplay@stack=\toks22
LaTeX Info: Redefining \[ on input line 2923.
LaTeX Info: Redefining \] on input line 2924.
)
LaTeX Info: Thecontrolsequence`\('isalreadyrobust on input line 130.
LaTeX Info: Thecontrolsequence`\)'isalreadyrobust on input line 130.
LaTeX Info: Thecontrolsequence`\['isalreadyrobust on input line 130.
LaTeX Info: Thecontrolsequence`\]'isalreadyrobust on input line 130.
\g_MT_multlinerow_int=\count279
\l_MT_multwidth_dim=\dimen157
\origjot=\skip56
\l_MT_shortvdotswithinadjustabove_dim=\dimen158
\l_MT_shortvdotswithinadjustbelow_dim=\dimen159
\l_MT_above_intertext_sep=\dimen160
\l_MT_below_intertext_sep=\dimen161
\l_MT_above_shortintertext_sep=\dimen162
\l_MT_below_shortintertext_sep=\dimen163
\xmathstrut@box=\box49
\xmathstrut@dim=\dimen164
)
(C:\Users\Levan\AppData\Local\Programs\MiKTeX\tex/latex/was\gensymb.sty
Package: gensymb 2003/07/02 v1.0 (WaS)
)
Package hyperref Info: Option `bookmarksnumbered' set `true' on input line 25.
Package hyperref Info: Option `bookmarksopen' set `true' on input line 25.
Package hyperref Info: Option `colorlinks' set `true' on input line 25.

(C:\Users\Levan\AppData\Local\Programs\MiKTeX\tex/latex/l3backend\l3backend-pdf
tex.def
File: l3backend-pdftex.def 2020-01-29 L3 backend support: PDF output (pdfTeX)
\l__color_backend_stack_int=\count280
\l__pdf_internal_box=\box50
) (particles_therapy_georgian.aux

LaTeX Warning: Label `fig:1' multiply defined.

)
\openout1 = `particles_therapy_georgian.aux'.

LaTeX Font Info:    Checking defaults for OML/cmm/m/it on input line 36.
LaTeX Font Info:    ... okay on input line 36.
LaTeX Font Info:    Checking defaults for OMS/cmsy/m/n on input line 36.
LaTeX Font Info:    ... okay on input line 36.
LaTeX Font Info:    Checking defaults for OT1/cmr/m/n on input line 36.
LaTeX Font Info:    ... okay on input line 36.
LaTeX Font Info:    Checking defaults for T1/cmr/m/n on input line 36.
LaTeX Font Info:    ... okay on input line 36.
LaTeX Font Info:    Checking defaults for TS1/cmr/m/n on input line 36.
LaTeX Font Info:    ... okay on input line 36.
LaTeX Font Info:    Checking defaults for OMX/cmex/m/n on input line 36.
LaTeX Font Info:    ... okay on input line 36.
LaTeX Font Info:    Checking defaults for U/cmr/m/n on input line 36.
LaTeX Font Info:    ... okay on input line 36.
LaTeX Font Info:    Checking defaults for T8K/cmr/m/n on input line 36.
LaTeX Font Info:    Trying to load font information for T8K+cmr on input line 3
6.
 (C:\Users\Levan\AppData\Local\Programs\MiKTeX\tex/latex/georgian\t8kcmr.fd
File: t8kcmr.fd t8kcmr fontfile
)
LaTeX Font Info:    ... okay on input line 36.
LaTeX Font Info:    Checking defaults for T8M/cmr/m/n on input line 36.
LaTeX Font Info:    ... okay on input line 36.
LaTeX Font Info:    Checking defaults for PD1/pdf/m/n on input line 36.
LaTeX Font Info:    ... okay on input line 36.

(C:\Users\Levan\AppData\Local\Programs\MiKTeX\tex/context/base/mkii\supp-pdf.mk
ii
[Loading MPS to PDF converter (version 2006.09.02).]
\scratchcounter=\count281
\scratchdimen=\dimen165
\scratchbox=\box51
\nofMPsegments=\count282
\nofMParguments=\count283
\everyMPshowfont=\toks23
\MPscratchCnt=\count284
\MPscratchDim=\dimen166
\MPnumerator=\count285
\makeMPintoPDFobject=\count286
\everyMPtoPDFconversion=\toks24
)
(C:\Users\Levan\AppData\Local\Programs\MiKTeX\tex/latex/epstopdf-pkg\epstopdf-b
ase.sty
Package: epstopdf-base 2020-01-24 v2.11 Base part for package epstopdf
Package epstopdf-base Info: Redefining graphics rule for `.eps' on input line 4
85.
)
(C:\Users\Levan\AppData\Local\Programs\MiKTeX\tex/latex/graphics\color.sty
Package: color 2020/02/24 v1.2b Standard LaTeX Color (DPC)

(C:\Users\Levan\AppData\Local\Programs\MiKTeX\tex/latex/graphics-cfg\color.cfg
File: color.cfg 2016/01/02 v1.6 sample color configuration
)
Package color Info: Driver file: pdftex.def on input line 147.
)
Package hyperref Info: Link coloring ON on input line 36.
 (C:\Users\Levan\AppData\Local\Programs\MiKTeX\tex/latex/hyperref\nameref.sty
Package: nameref 2019/09/16 v2.46 Cross-referencing by name of section

(C:\Users\Levan\AppData\Local\Programs\MiKTeX\tex/latex/refcount\refcount.sty
Package: refcount 2019/12/15 v3.6 Data extraction from label references (HO)
)
(C:\Users\Levan\AppData\Local\Programs\MiKTeX\tex/generic/gettitlestring\gettit
lestring.sty
Package: gettitlestring 2019/12/15 v1.6 Cleanup title references (HO)
)
\c@section@level=\count287
)
LaTeX Info: Redefining \ref on input line 36.
LaTeX Info: Redefining \pageref on input line 36.
LaTeX Info: Redefining \nameref on input line 36.
 (particles_therapy_georgian.out) (particles_therapy_georgian.out)
\@outlinefile=\write3
\openout3 = `particles_therapy_georgian.out'.

LaTeX Info: Redefining \celsius on input line 36.
Package gensymb Info: Faking symbols for \degree and \celsius on input line 36.



Package gensymb Warning: Not defining \perthousand.

LaTeX Info: Redefining \ohm on input line 36.
Package gensymb Info: Using \Omega for \ohm on input line 36.

Package gensymb Warning: Not defining \micro.

LaTeX Font Info:    Font shape `T8M/cmr/m/n' in size <17.28> not available
(Font)              Font shape `T8M/djg/m/n' tried instead on input line 38.
LaTeX Font Info:    Font shape `T8M/djg/m/n' will be
(Font)              scaled to size 15.55188pt on input line 38.
LaTeX Font Info:    Font shape `T8M/cmr/bx/n' in size <17.28> not available
(Font)              Font shape `T8M/djg/bx/n' tried instead on input line 38.
LaTeX Font Info:    Font shape `T8M/djg/bx/n' in size <17.28> not available
(Font)              Font shape `T8M/djg/b/n' tried instead on input line 38.
LaTeX Font Info:    Font shape `T8M/djg/b/n' will be
(Font)              scaled to size 15.55188pt on input line 38.

Package hyperref Warning: Glyph not defined in PD1 encoding,
(hyperref)                removing `\geor' on input line 38.


Package hyperref Warning: Glyph not defined in PD1 encoding,
(hyperref)                removing `\geoa' on input line 38.


Package hyperref Warning: Glyph not defined in PD1 encoding,
(hyperref)                removing `\geoa' on input line 38.


Package hyperref Warning: Glyph not defined in PD1 encoding,
(hyperref)                removing `\geor' on input line 38.


Package hyperref Warning: Glyph not defined in PD1 encoding,
(hyperref)                removing `\geoi' on input line 38.


Package hyperref Warning: Glyph not defined in PD1 encoding,
(hyperref)                removing `\geos' on input line 38.


Package hyperref Warning: Glyph not defined in PD1 encoding,
(hyperref)                removing `\geor' on input line 38.


Package hyperref Warning: Glyph not defined in PD1 encoding,
(hyperref)                removing `\geoa' on input line 38.


Package hyperref Warning: Glyph not defined in PD1 encoding,
(hyperref)                removing `\geod' on input line 38.


Package hyperref Warning: Glyph not defined in PD1 encoding,
(hyperref)                removing `\geoa' on input line 38.


Package hyperref Warning: Glyph not defined in PD1 encoding,
(hyperref)                removing `\geouec' on input line 38.


Package hyperref Warning: Glyph not defined in PD1 encoding,
(hyperref)                removing `\geoi' on input line 38.


Package hyperref Warning: Glyph not defined in PD1 encoding,
(hyperref)                removing `\geou' on input line 38.


Package hyperref Warning: Glyph not defined in PD1 encoding,
(hyperref)                removing `\geol' on input line 38.


Package hyperref Warning: Glyph not defined in PD1 encoding,
(hyperref)                removing `\geoi' on input line 38.


Package hyperref Warning: Glyph not defined in PD1 encoding,
(hyperref)                removing `\geoezth' on input line 38.


Package hyperref Warning: Glyph not defined in PD1 encoding,
(hyperref)                removing `\geoe' on input line 38.


Package hyperref Warning: Glyph not defined in PD1 encoding,
(hyperref)                removing `\geor' on input line 38.


Package hyperref Warning: Glyph not defined in PD1 encoding,
(hyperref)                removing `\geoa' on input line 38.


Package hyperref Warning: Glyph not defined in PD1 encoding,
(hyperref)                removing `\geop' on input line 38.


Package hyperref Warning: Glyph not defined in PD1 encoding,
(hyperref)                removing `\geoi' on input line 38.


Package hyperref Warning: Glyph not defined in PD1 encoding,
(hyperref)                removing `\geoa' on input line 38.


Package hyperref Warning: Glyph not defined in PD1 encoding,
(hyperref)                removing `\geor' on input line 41.


Package hyperref Warning: Glyph not defined in PD1 encoding,
(hyperref)                removing `\geoa' on input line 41.


Package hyperref Warning: Glyph not defined in PD1 encoding,
(hyperref)                removing `\geod' on input line 41.


Package hyperref Warning: Glyph not defined in PD1 encoding,
(hyperref)                removing `\geoi' on input line 41.


Package hyperref Warning: Glyph not defined in PD1 encoding,
(hyperref)                removing `\geoa' on input line 41.


Package hyperref Warning: Glyph not defined in PD1 encoding,
(hyperref)                removing `\geouec' on input line 41.


Package hyperref Warning: Glyph not defined in PD1 encoding,
(hyperref)                removing `\geoi' on input line 41.


Package hyperref Warning: Glyph not defined in PD1 encoding,
(hyperref)                removing `\geou' on input line 41.


Package hyperref Warning: Glyph not defined in PD1 encoding,
(hyperref)                removing `\geol' on input line 41.


Package hyperref Warning: Glyph not defined in PD1 encoding,
(hyperref)                removing `\geoi' on input line 41.


Package hyperref Warning: Glyph not defined in PD1 encoding,
(hyperref)                removing `\geoe' on input line 41.


Package hyperref Warning: Glyph not defined in PD1 encoding,
(hyperref)                removing `\geor' on input line 41.


Package hyperref Warning: Glyph not defined in PD1 encoding,
(hyperref)                removing `\geoezth' on input line 41.


Package hyperref Warning: Glyph not defined in PD1 encoding,
(hyperref)                removing `\geoe' on input line 41.


Package hyperref Warning: Glyph not defined in PD1 encoding,
(hyperref)                removing `\geou' on input line 41.


Package hyperref Warning: Glyph not defined in PD1 encoding,
(hyperref)                removing `\geol' on input line 41.


Package hyperref Warning: Glyph not defined in PD1 encoding,
(hyperref)                removing `\geoe' on input line 41.


Package hyperref Warning: Glyph not defined in PD1 encoding,
(hyperref)                removing `\geob' on input line 41.


Package hyperref Warning: Glyph not defined in PD1 encoding,
(hyperref)                removing `\geoi' on input line 41.


Package hyperref Warning: Glyph not defined in PD1 encoding,
(hyperref)                removing `\geod' on input line 41.


Package hyperref Warning: Glyph not defined in PD1 encoding,
(hyperref)                removing `\geoa' on input line 41.


Package hyperref Warning: Glyph not defined in PD1 encoding,
(hyperref)                removing `\geod' on input line 41.


Package hyperref Warning: Glyph not defined in PD1 encoding,
(hyperref)                removing `\geoo' on input line 41.


Package hyperref Warning: Glyph not defined in PD1 encoding,
(hyperref)                removing `\geoez' on input line 41.


Package hyperref Warning: Glyph not defined in PD1 encoding,
(hyperref)                removing `\geoe' on input line 41.


Package hyperref Warning: Glyph not defined in PD1 encoding,
(hyperref)                removing `\geob' on input line 41.


Package hyperref Warning: Glyph not defined in PD1 encoding,
(hyperref)                removing `\geoi' on input line 41.

LaTeX Font Info:    Font shape `T8M/cmr/bx/n' in size <12> not available
(Font)              Font shape `T8M/djg/bx/n' tried instead on input line 45.
LaTeX Font Info:    Font shape `T8M/djg/bx/n' in size <12> not available
(Font)              Font shape `T8M/djg/b/n' tried instead on input line 45.
LaTeX Font Info:    Font shape `T8M/djg/b/n' will be
(Font)              scaled to size 10.79993pt on input line 45.
LaTeX Font Info:    Font shape `T8M/cmr/m/it' in size <12> not available
(Font)              Font shape `T8M/djg/m/it' tried instead on input line 57.
LaTeX Font Info:    Font shape `T8M/djg/m/it' will be
(Font)              scaled to size 10.79993pt on input line 57.
LaTeX Font Info:    Font shape `T8M/cmr/m/n' in size <8> not available
(Font)              Font shape `T8M/djg/m/n' tried instead on input line 57.
LaTeX Font Info:    Font shape `T8M/djg/m/n' will be
(Font)              scaled to size 7.19995pt on input line 57.
LaTeX Font Info:    Font shape `T8M/cmr/m/n' in size <6> not available
(Font)              Font shape `T8M/djg/m/n' tried instead on input line 57.
LaTeX Font Info:    Font shape `T8M/djg/m/n' will be
(Font)              scaled to size 5.39996pt on input line 57.

Package hyperref Warning: Glyph not defined in PD1 encoding,
(hyperref)                removing `\geor' on input line 75.


Package hyperref Warning: Glyph not defined in PD1 encoding,
(hyperref)                removing `\geoa' on input line 75.


Package hyperref Warning: Glyph not defined in PD1 encoding,
(hyperref)                removing `\geod' on input line 75.


Package hyperref Warning: Glyph not defined in PD1 encoding,
(hyperref)                removing `\geoi' on input line 75.


Package hyperref Warning: Glyph not defined in PD1 encoding,
(hyperref)                removing `\geoa' on input line 75.


Package hyperref Warning: Glyph not defined in PD1 encoding,
(hyperref)                removing `\geouec' on input line 75.


Package hyperref Warning: Glyph not defined in PD1 encoding,
(hyperref)                removing `\geoi' on input line 75.


Package hyperref Warning: Glyph not defined in PD1 encoding,
(hyperref)                removing `\geou' on input line 75.


Package hyperref Warning: Glyph not defined in PD1 encoding,
(hyperref)                removing `\geol' on input line 75.


Package hyperref Warning: Glyph not defined in PD1 encoding,
(hyperref)                removing `\geoi' on input line 75.


Package hyperref Warning: Glyph not defined in PD1 encoding,
(hyperref)                removing `\geod' on input line 75.


Package hyperref Warning: Glyph not defined in PD1 encoding,
(hyperref)                removing `\geoa' on input line 75.


Package hyperref Warning: Glyph not defined in PD1 encoding,
(hyperref)                removing `\geoez' on input line 75.


Package hyperref Warning: Glyph not defined in PD1 encoding,
(hyperref)                removing `\geoi' on input line 75.


Package hyperref Warning: Glyph not defined in PD1 encoding,
(hyperref)                removing `\geoa' on input line 75.


Package hyperref Warning: Glyph not defined in PD1 encoding,
(hyperref)                removing `\geon' on input line 75.


Package hyperref Warning: Glyph not defined in PD1 encoding,
(hyperref)                removing `\geoe' on input line 75.


Package hyperref Warning: Glyph not defined in PD1 encoding,
(hyperref)                removing `\geob' on input line 75.


Package hyperref Warning: Glyph not defined in PD1 encoding,
(hyperref)                removing `\geoa' on input line 75.

[1

{C:/Users/Levan/AppData/Local/MiKTeX/pdftex/config/pdftex.map}]
<images/Radiotherapy.jpg, id=50, 108.59505pt x 67.05743pt>
File: images/Radiotherapy.jpg Graphic file (type jpg)
<use images/Radiotherapy.jpg>
Package pdftex.def Info: images/Radiotherapy.jpg  used on input line 83.
(pdftex.def)             Requested size: 170.71652pt x 105.41748pt.
LaTeX Font Info:    Font shape `T8M/cmr/m/n' in size <14.4> not available
(Font)              Font shape `T8M/djg/m/n' tried instead on input line 89.
LaTeX Font Info:    Font shape `T8M/djg/m/n' will be
(Font)              scaled to size 12.9599pt on input line 89.
LaTeX Font Info:    Font shape `T8M/cmr/bx/n' in size <14.4> not available
(Font)              Font shape `T8M/djg/bx/n' tried instead on input line 89.
LaTeX Font Info:    Font shape `T8M/djg/bx/n' in size <14.4> not available
(Font)              Font shape `T8M/djg/b/n' tried instead on input line 89.
LaTeX Font Info:    Font shape `T8M/djg/b/n' will be
(Font)              scaled to size 12.9599pt on input line 89.


Package hyperref Warning: Glyph not defined in PD1 encoding,
(hyperref)                removing `\geouaph' on input line 89.


Package hyperref Warning: Glyph not defined in PD1 encoding,
(hyperref)                removing `\geob' on input line 89.


Package hyperref Warning: Glyph not defined in PD1 encoding,
(hyperref)                removing `\geoe' on input line 89.


Package hyperref Warning: Glyph not defined in PD1 encoding,
(hyperref)                removing `\geouaph' on input line 89.


Package hyperref Warning: Glyph not defined in PD1 encoding,
(hyperref)                removing `\geoa' on input line 89.


Package hyperref Warning: Glyph not defined in PD1 encoding,
(hyperref)                removing `\geor' on input line 89.


Package hyperref Warning: Glyph not defined in PD1 encoding,
(hyperref)                removing `\geod' on input line 89.


Package hyperref Warning: Glyph not defined in PD1 encoding,
(hyperref)                removing `\geoo' on input line 89.


Package hyperref Warning: Glyph not defined in PD1 encoding,
(hyperref)                removing `\geob' on input line 89.


Package hyperref Warning: Glyph not defined in PD1 encoding,
(hyperref)                removing `\geoi' on input line 89.


Package hyperref Warning: Glyph not defined in PD1 encoding,
(hyperref)                removing `\geoezth' on input line 89.


Package hyperref Warning: Glyph not defined in PD1 encoding,
(hyperref)                removing `\geoi' on input line 89.


Package hyperref Warning: Glyph not defined in PD1 encoding,
(hyperref)                removing `\geob' on input line 89.


Package hyperref Warning: Glyph not defined in PD1 encoding,
(hyperref)                removing `\geoi' on input line 89.


Package hyperref Warning: Glyph not defined in PD1 encoding,
(hyperref)                removing `\geoo' on input line 89.


Package hyperref Warning: Glyph not defined in PD1 encoding,
(hyperref)                removing `\geol' on input line 89.


Package hyperref Warning: Glyph not defined in PD1 encoding,
(hyperref)                removing `\geoo' on input line 89.


Package hyperref Warning: Glyph not defined in PD1 encoding,
(hyperref)                removing `\geobg' on input line 89.


Package hyperref Warning: Glyph not defined in PD1 encoding,
(hyperref)                removing `\geoi' on input line 89.


Package hyperref Warning: Glyph not defined in PD1 encoding,
(hyperref)                removing `\geou' on input line 89.


Package hyperref Warning: Glyph not defined in PD1 encoding,
(hyperref)                removing `\geor' on input line 89.


Package hyperref Warning: Glyph not defined in PD1 encoding,
(hyperref)                removing `\geoi' on input line 89.


Package hyperref Warning: Glyph not defined in PD1 encoding,
(hyperref)                removing `\geoe' on input line 89.


Package hyperref Warning: Glyph not defined in PD1 encoding,
(hyperref)                removing `\geouaph' on input line 89.


Package hyperref Warning: Glyph not defined in PD1 encoding,
(hyperref)                removing `\geoe' on input line 89.


Package hyperref Warning: Glyph not defined in PD1 encoding,
(hyperref)                removing `\geoubq' on input line 89.


Package hyperref Warning: Glyph not defined in PD1 encoding,
(hyperref)                removing `\geot' on input line 89.


Package hyperref Warning: Glyph not defined in PD1 encoding,
(hyperref)                removing `\geou' on input line 89.


Package hyperref Warning: Glyph not defined in PD1 encoding,
(hyperref)                removing `\geor' on input line 89.


Package hyperref Warning: Glyph not defined in PD1 encoding,
(hyperref)                removing `\geoo' on input line 89.


Package hyperref Warning: Glyph not defined in PD1 encoding,
(hyperref)                removing `\geob' on input line 89.


Package hyperref Warning: Glyph not defined in PD1 encoding,
(hyperref)                removing `\geoa' on input line 89.

<images/Picture1.png, id=51, 405.76593pt x 180.675pt>
File: images/Picture1.png Graphic file (type png)
<use images/Picture1.png>
Package pdftex.def Info: images/Picture1.png  used on input line 93.
(pdftex.def)             Requested size: 227.62204pt x 101.35649pt.

Underfull \hbox (badness 10000) in paragraph at lines 98--98
[]\T8M/djg/b/n/17.28 ±¡¤©¡»©´«© ¨¥-±¡-¯©-©² ¤¡-£¥£-¬¦¡ (Radiation
 []


Package hyperref Warning: Glyph not defined in PD1 encoding,
(hyperref)                removing `\geor' on input line 98.


Package hyperref Warning: Glyph not defined in PD1 encoding,
(hyperref)                removing `\geoa' on input line 98.


Package hyperref Warning: Glyph not defined in PD1 encoding,
(hyperref)                removing `\geod' on input line 98.


Package hyperref Warning: Glyph not defined in PD1 encoding,
(hyperref)                removing `\geoi' on input line 98.


Package hyperref Warning: Glyph not defined in PD1 encoding,
(hyperref)                removing `\geoa' on input line 98.


Package hyperref Warning: Glyph not defined in PD1 encoding,
(hyperref)                removing `\geouec' on input line 98.


Package hyperref Warning: Glyph not defined in PD1 encoding,
(hyperref)                removing `\geoi' on input line 98.


Package hyperref Warning: Glyph not defined in PD1 encoding,
(hyperref)                removing `\geou' on input line 98.


Package hyperref Warning: Glyph not defined in PD1 encoding,
(hyperref)                removing `\geol' on input line 98.


Package hyperref Warning: Glyph not defined in PD1 encoding,
(hyperref)                removing `\geoi' on input line 98.


Package hyperref Warning: Glyph not defined in PD1 encoding,
(hyperref)                removing `\geoezth' on input line 98.


Package hyperref Warning: Glyph not defined in PD1 encoding,
(hyperref)                removing `\geoe' on input line 98.


Package hyperref Warning: Glyph not defined in PD1 encoding,
(hyperref)                removing `\geor' on input line 98.


Package hyperref Warning: Glyph not defined in PD1 encoding,
(hyperref)                removing `\geoa' on input line 98.


Package hyperref Warning: Glyph not defined in PD1 encoding,
(hyperref)                removing `\geop' on input line 98.


Package hyperref Warning: Glyph not defined in PD1 encoding,
(hyperref)                removing `\geoi' on input line 98.


Package hyperref Warning: Glyph not defined in PD1 encoding,
(hyperref)                removing `\geoi' on input line 98.


Package hyperref Warning: Glyph not defined in PD1 encoding,
(hyperref)                removing `\geos' on input line 98.


Package hyperref Warning: Glyph not defined in PD1 encoding,
(hyperref)                removing `\geod' on input line 98.


Package hyperref Warning: Glyph not defined in PD1 encoding,
(hyperref)                removing `\geoa' on input line 98.


Package hyperref Warning: Glyph not defined in PD1 encoding,
(hyperref)                removing `\geobg' on input line 98.


Package hyperref Warning: Glyph not defined in PD1 encoding,
(hyperref)                removing `\geoe' on input line 98.


Package hyperref Warning: Glyph not defined in PD1 encoding,
(hyperref)                removing `\geobg' on input line 98.


Package hyperref Warning: Glyph not defined in PD1 encoding,
(hyperref)                removing `\geom' on input line 98.


Package hyperref Warning: Glyph not defined in PD1 encoding,
(hyperref)                removing `\geoev' on input line 98.


Package hyperref Warning: Glyph not defined in PD1 encoding,
(hyperref)                removing `\geoa' on input line 98.


Package hyperref Warning: Glyph not defined in PD1 encoding,
(hyperref)                removing `\geouaph' on input line 99.


Package hyperref Warning: Glyph not defined in PD1 encoding,
(hyperref)                removing `\geoa' on input line 99.


Package hyperref Warning: Glyph not defined in PD1 encoding,
(hyperref)                removing `\geon' on input line 99.


Package hyperref Warning: Glyph not defined in PD1 encoding,
(hyperref)                removing `\geot' on input line 99.


Package hyperref Warning: Glyph not defined in PD1 encoding,
(hyperref)                removing `\geoo' on input line 99.


Package hyperref Warning: Glyph not defined in PD1 encoding,
(hyperref)                removing `\geom' on input line 99.


Package hyperref Warning: Glyph not defined in PD1 encoding,
(hyperref)                removing `\geoe' on input line 99.


Package hyperref Warning: Glyph not defined in PD1 encoding,
(hyperref)                removing `\geob' on input line 99.


Package hyperref Warning: Glyph not defined in PD1 encoding,
(hyperref)                removing `\geoi' on input line 99.


Package hyperref Warning: Glyph not defined in PD1 encoding,
(hyperref)                removing `\geom' on input line 101.


Package hyperref Warning: Glyph not defined in PD1 encoding,
(hyperref)                removing `\geoi' on input line 101.


Package hyperref Warning: Glyph not defined in PD1 encoding,
(hyperref)                removing `\geon' on input line 101.


Package hyperref Warning: Glyph not defined in PD1 encoding,
(hyperref)                removing `\geoi' on input line 101.


Package hyperref Warning: Glyph not defined in PD1 encoding,
(hyperref)                removing `\geom' on input line 101.


Package hyperref Warning: Glyph not defined in PD1 encoding,
(hyperref)                removing `\geoa' on input line 101.


Package hyperref Warning: Glyph not defined in PD1 encoding,
(hyperref)                removing `\geol' on input line 101.


Package hyperref Warning: Glyph not defined in PD1 encoding,
(hyperref)                removing `\geou' on input line 101.


Package hyperref Warning: Glyph not defined in PD1 encoding,
(hyperref)                removing `\geor' on input line 101.


Package hyperref Warning: Glyph not defined in PD1 encoding,
(hyperref)                removing `\geoi' on input line 101.


Package hyperref Warning: Glyph not defined in PD1 encoding,
(hyperref)                removing `\geos' on input line 101.


Package hyperref Warning: Glyph not defined in PD1 encoding,
(hyperref)                removing `\geoa' on input line 101.


Package hyperref Warning: Glyph not defined in PD1 encoding,
(hyperref)                removing `\geom' on input line 101.


Package hyperref Warning: Glyph not defined in PD1 encoding,
(hyperref)                removing `\geoi' on input line 101.


Package hyperref Warning: Glyph not defined in PD1 encoding,
(hyperref)                removing `\geoez' on input line 101.


Package hyperref Warning: Glyph not defined in PD1 encoding,
(hyperref)                removing `\geon' on input line 101.


Package hyperref Warning: Glyph not defined in PD1 encoding,
(hyperref)                removing `\geoe' on input line 101.


Package hyperref Warning: Glyph not defined in PD1 encoding,
(hyperref)                removing `\geod' on input line 101.


Package hyperref Warning: Glyph not defined in PD1 encoding,
(hyperref)                removing `\geoo' on input line 101.


Package hyperref Warning: Glyph not defined in PD1 encoding,
(hyperref)                removing `\geoez' on input line 101.


Package hyperref Warning: Glyph not defined in PD1 encoding,
(hyperref)                removing `\geoa' on input line 101.


Package hyperref Warning: Glyph not defined in PD1 encoding,
(hyperref)                removing `\geos' on input line 104.


Package hyperref Warning: Glyph not defined in PD1 encoding,
(hyperref)                removing `\geoa' on input line 104.


Package hyperref Warning: Glyph not defined in PD1 encoding,
(hyperref)                removing `\geoucysh' on input line 104.


Package hyperref Warning: Glyph not defined in PD1 encoding,
(hyperref)                removing `\geou' on input line 104.


Package hyperref Warning: Glyph not defined in PD1 encoding,
(hyperref)                removing `\geoa' on input line 104.


Package hyperref Warning: Glyph not defined in PD1 encoding,
(hyperref)                removing `\geol' on input line 104.


Package hyperref Warning: Glyph not defined in PD1 encoding,
(hyperref)                removing `\geoo' on input line 104.


Package hyperref Warning: Glyph not defined in PD1 encoding,
(hyperref)                removing `\geos' on input line 104.


Package hyperref Warning: Glyph not defined in PD1 encoding,
(hyperref)                removing `\geoa' on input line 104.


Package hyperref Warning: Glyph not defined in PD1 encoding,
(hyperref)                removing `\geom' on input line 104.


Package hyperref Warning: Glyph not defined in PD1 encoding,
(hyperref)                removing `\geoi' on input line 104.


Package hyperref Warning: Glyph not defined in PD1 encoding,
(hyperref)                removing `\geoez' on input line 104.


Package hyperref Warning: Glyph not defined in PD1 encoding,
(hyperref)                removing `\geon' on input line 104.


Package hyperref Warning: Glyph not defined in PD1 encoding,
(hyperref)                removing `\geoe' on input line 104.


Package hyperref Warning: Glyph not defined in PD1 encoding,
(hyperref)                removing `\geod' on input line 104.


Package hyperref Warning: Glyph not defined in PD1 encoding,
(hyperref)                removing `\geoo' on input line 104.


Package hyperref Warning: Glyph not defined in PD1 encoding,
(hyperref)                removing `\geoez' on input line 104.


Package hyperref Warning: Glyph not defined in PD1 encoding,
(hyperref)                removing `\geoa' on input line 104.

[2 <./images/Radiotherapy.jpg> <./images/Picture1.png>]

Package hyperref Warning: Glyph not defined in PD1 encoding,
(hyperref)                removing `\geouec' on input line 107.


Package hyperref Warning: Glyph not defined in PD1 encoding,
(hyperref)                removing `\geovkh' on input line 107.


Package hyperref Warning: Glyph not defined in PD1 encoding,
(hyperref)                removing `\geoe' on input line 107.


Package hyperref Warning: Glyph not defined in PD1 encoding,
(hyperref)                removing `\geol' on input line 107.


Package hyperref Warning: Glyph not defined in PD1 encoding,
(hyperref)                removing `\geoi' on input line 107.


Package hyperref Warning: Glyph not defined in PD1 encoding,
(hyperref)                removing `\geovets' on input line 107.


Package hyperref Warning: Glyph not defined in PD1 encoding,
(hyperref)                removing `\geoe' on input line 107.


Package hyperref Warning: Glyph not defined in PD1 encoding,
(hyperref)                removing `\geor' on input line 107.


Package hyperref Warning: Glyph not defined in PD1 encoding,
(hyperref)                removing `\geot' on input line 107.


Package hyperref Warning: Glyph not defined in PD1 encoding,
(hyperref)                removing `\geoi' on input line 107.


Package hyperref Warning: Glyph not defined in PD1 encoding,
(hyperref)                removing `\geol' on input line 107.


Package hyperref Warning: Glyph not defined in PD1 encoding,
(hyperref)                removing `\geoe' on input line 107.


Package hyperref Warning: Glyph not defined in PD1 encoding,
(hyperref)                removing `\geob' on input line 107.


Package hyperref Warning: Glyph not defined in PD1 encoding,
(hyperref)                removing `\geoi' on input line 107.

[3] (particles_therapy_georgian.aux)

LaTeX Warning: There were multiply-defined labels.

Package rerunfilecheck Info: File `particles_therapy_georgian.out' has not chan
ged.
(rerunfilecheck)             Checksum: ACC6AABAA74F763C6E50A7FA74FB1B4D;674.
 ) 
Here is how much of TeX's memory you used:
 8351 strings out of 479618
 124745 string characters out of 2865026
 443038 words of memory out of 3000000
 25340 multiletter control sequences out of 15000+200000
 415293 words of font info for 54 fonts, out of 3000000 for 9000
 1141 hyphenation exceptions out of 8191
 81i,10n,88p,1385b,341s stack positions out of 5000i,500n,10000p,200000b,50000s
{C:/Users/Levan/AppData/Local/Programs/MiKTeX/fonts/enc/dvips/georgian/t8m.en
c}<C:/Users/Levan/AppData/Local/Programs/MiKTeX/fonts/type1/public/amsfonts/cm/
cmmi12.pfb><C:/Users/Levan/AppData/Local/Programs/MiKTeX/fonts/type1/public/ams
fonts/cm/cmr8.pfb><C:/Users/Levan/AppData/Local/Programs/MiKTeX/fonts/type1/pub
lic/amsfonts/cm/cmsy10.pfb><C:/Users/Levan/AppData/Local/Programs/MiKTeX/fonts/
type1/geodejavu/djg/djgb8a10.pfb><C:/Users/Levan/AppData/Local/Programs/MiKTeX/
fonts/type1/geodejavu/djg/djgr8a10.pfb><C:/Users/Levan/AppData/Local/Programs/M
iKTeX/fonts/type1/geodejavu/djg/djgri8a10.pfb>
Output written on particles_therapy_georgian.pdf (3 pages, 440586 bytes).
PDF statistics:
 91 PDF objects out of 1000 (max. 8388607)
 16 named destinations out of 1000 (max. 500000)
 83 words of extra memory for PDF output out of 10000 (max. 10000000)

